C:\Program Files (x86)\Microsoft Visual Studio\2019\Community\MSBuild\Microsoft\VC\v160\Microsoft.CppBuild.targets(513,5): warning MSB8028: 中间目录(Debug\)包含从另一个项目(MapEditor1.vcxproj)共享的文件。   这会导致错误的清除和重新生成行为。
  pch.cpp
  Calculate.cpp
  CCreateFileDlg.cpp
  CLineParameterDlg.cpp
  CPointParameterDlg.cpp
  CRegionParameterDlg.cpp
  MainFrm.cpp
  MapEditor.cpp
  MapEditorDoc.cpp
  MapEditorView.cpp
D:\CODE\blog\yanjieij.github.io\MapEditor\MapEditor\MapEditorView.cpp(412,39): warning C4838: 从“int”转换到“char”需要收缩转换
D:\CODE\blog\yanjieij.github.io\MapEditor\MapEditor\MapEditorView.cpp(947,37): warning C4554: “&”: 检查运算符优先级是否存在的可能的错误；使用括号阐明优先级
D:\CODE\blog\yanjieij.github.io\MapEditor\MapEditor\MapEditorView.cpp(1001,13): warning C4553: “==”: 未使用表达式结果；是否打算使用“=”?
D:\CODE\blog\yanjieij.github.io\MapEditor\MapEditor\MapEditorView.cpp(2499,38): warning C4838: 从“int”转换到“char”需要收缩转换
  paint.cpp
  WriteOrRead.cpp
  正在生成代码...
  LINK : 没有找到 D:\CODE\blog\yanjieij.github.io\MapEditor\Debug\MapEditor.exe 或上一个增量链接没有生成它；正在执行完全链接
  MapEditor.vcxproj -> D:\CODE\blog\yanjieij.github.io\MapEditor\Debug\MapEditor.exe
