c:\users\yanjieij\documents\github\yanjieij.github.io\mces\x64\debug\main.obj
c:\users\yanjieij\documents\github\yanjieij.github.io\mces\x64\debug\mces.obj
c:\users\yanjieij\documents\github\yanjieij.github.io\mces\x64\debug\vc142.pdb
c:\users\yanjieij\documents\github\yanjieij.github.io\mces\x64\debug\qrc_mces.obj
c:\users\yanjieij\documents\github\yanjieij.github.io\mces\x64\debug\moc_mces.obj
c:\users\yanjieij\documents\github\yanjieij.github.io\mces\x64\debug\mces.exe
c:\users\yanjieij\documents\github\yanjieij.github.io\mces\x64\debug\mces.ilk
c:\users\yanjieij\documents\github\yanjieij.github.io\mces\x64\debug\mces.pdb
c:\users\yanjieij\documents\github\yanjieij.github.io\mces\x64\debug\uic\ui_mces.h
c:\users\yanjieij\documents\github\yanjieij.github.io\mces\x64\debug\rcc\qrc_mces.cpp
c:\users\yanjieij\documents\github\yanjieij.github.io\mces\x64\debug\moc\moc_mces.cpp
c:\users\yanjieij\documents\github\yanjieij.github.io\mces\x64\debug\mces.tlog\cl.command.1.tlog
c:\users\yanjieij\documents\github\yanjieij.github.io\mces\x64\debug\mces.tlog\cl.read.1.tlog
c:\users\yanjieij\documents\github\yanjieij.github.io\mces\x64\debug\mces.tlog\cl.write.1.tlog
c:\users\yanjieij\documents\github\yanjieij.github.io\mces\x64\debug\mces.tlog\link.command.1.tlog
c:\users\yanjieij\documents\github\yanjieij.github.io\mces\x64\debug\mces.tlog\link.read.1.tlog
c:\users\yanjieij\documents\github\yanjieij.github.io\mces\x64\debug\mces.tlog\link.write.1.tlog
c:\users\yanjieij\documents\github\yanjieij.github.io\mces\x64\debug\mces.tlog\mces.write.1u.tlog
c:\users\yanjieij\documents\github\yanjieij.github.io\mces\x64\debug\mces.tlog\moc.read.1u.tlog
c:\users\yanjieij\documents\github\yanjieij.github.io\mces\x64\debug\mces.tlog\moc.write.1u.tlog
c:\users\yanjieij\documents\github\yanjieij.github.io\mces\x64\debug\mces.tlog\rcc.read.1u.tlog
c:\users\yanjieij\documents\github\yanjieij.github.io\mces\x64\debug\mces.tlog\rcc.write.1u.tlog
c:\users\yanjieij\documents\github\yanjieij.github.io\mces\x64\debug\mces.tlog\uic.read.1u.tlog
c:\users\yanjieij\documents\github\yanjieij.github.io\mces\x64\debug\mces.tlog\uic.write.1u.tlog
